INFO:     Started server process [88295]
INFO:     Waiting for application startup.
INFO:     Application startup complete.
INFO:     Uvicorn running on http://127.0.0.1:8900 (Press CTRL+C to quit)
INFO:     127.0.0.1:35970 - "OPTIONS /predict_fare?key=2012-10-06%2012:10:20.0000001&pickup_latitude=-74.047455&pickup_longitude=40.721568&dropoff_latitude=-73.87071&dropoff_longitude=40.775069&passenger_count=1&pickup_datetime=2023-05-29%2019:41:03%20UTC HTTP/1.1" 200 OK
INFO:     127.0.0.1:35970 - "GET /predict_fare?key=2012-10-06%2012:10:20.0000001&pickup_latitude=-74.047455&pickup_longitude=40.721568&dropoff_latitude=-73.87071&dropoff_longitude=40.775069&passenger_count=1&pickup_datetime=2023-05-29%2019:41:03%20UTC HTTP/1.1" 200 OK
INFO:     127.0.0.1:34476 - "GET / HTTP/1.1" 200 OK
INFO:     127.0.0.1:34476 - "GET /favicon.ico HTTP/1.1" 404 Not Found
INFO:     127.0.0.1:34476 - "GET /docs HTTP/1.1" 200 OK
INFO:     127.0.0.1:34476 - "GET /openapi.json HTTP/1.1" 200 OK
INFO:     127.0.0.1:43152 - "GET /predict_fare?pickup_datetime=1&pickup_longitude=74&pickup_latitude=40&dropoff_longitude=74&dropoff_latitude=41&passenger_count=1 HTTP/1.1" 500 Internal Server Error
/home/victor/.pyenv/versions/workplace/envs/persite/lib/python3.8/site-packages/sklearn/base.py:329: UserWarning: Trying to unpickle estimator OneHotEncoder from version 1.2.0 when using version 1.1.1. This might lead to breaking code or invalid results. Use at your own risk. For more info please refer to:
https://scikit-learn.org/stable/model_persistence.html#security-maintainability-limitations
  warnings.warn(
/home/victor/.pyenv/versions/workplace/envs/persite/lib/python3.8/site-packages/sklearn/base.py:329: UserWarning: Trying to unpickle estimator Pipeline from version 1.2.0 when using version 1.1.1. This might lead to breaking code or invalid results. Use at your own risk. For more info please refer to:
https://scikit-learn.org/stable/model_persistence.html#security-maintainability-limitations
  warnings.warn(
/home/victor/.pyenv/versions/workplace/envs/persite/lib/python3.8/site-packages/sklearn/base.py:329: UserWarning: Trying to unpickle estimator ColumnTransformer from version 1.2.0 when using version 1.1.1. This might lead to breaking code or invalid results. Use at your own risk. For more info please refer to:
https://scikit-learn.org/stable/model_persistence.html#security-maintainability-limitations
  warnings.warn(
/home/victor/.pyenv/versions/workplace/envs/persite/lib/python3.8/site-packages/sklearn/base.py:329: UserWarning: Trying to unpickle estimator MinMaxScaler from version 1.2.0 when using version 1.1.1. This might lead to breaking code or invalid results. Use at your own risk. For more info please refer to:
https://scikit-learn.org/stable/model_persistence.html#security-maintainability-limitations
  warnings.warn(
/home/victor/.pyenv/versions/workplace/envs/persite/lib/python3.8/site-packages/sklearn/base.py:329: UserWarning: Trying to unpickle estimator SVR from version 1.2.0 when using version 1.1.1. This might lead to breaking code or invalid results. Use at your own risk. For more info please refer to:
https://scikit-learn.org/stable/model_persistence.html#security-maintainability-limitations
  warnings.warn(
/home/victor/.pyenv/versions/workplace/envs/persite/lib/python3.8/site-packages/sklearn/base.py:329: UserWarning: Trying to unpickle estimator FunctionTransformer from version 1.2.0 when using version 1.1.1. This might lead to breaking code or invalid results. Use at your own risk. For more info please refer to:
https://scikit-learn.org/stable/model_persistence.html#security-maintainability-limitations
  warnings.warn(
/home/victor/.pyenv/versions/workplace/envs/persite/lib/python3.8/site-packages/sklearn/base.py:329: UserWarning: Trying to unpickle estimator RandomizedSearchCV from version 1.2.0 when using version 1.1.1. This might lead to breaking code or invalid results. Use at your own risk. For more info please refer to:
https://scikit-learn.org/stable/model_persistence.html#security-maintainability-limitations
  warnings.warn(
/home/victor/.pyenv/versions/workplace/envs/persite/lib/python3.8/site-packages/sklearn/base.py:329: UserWarning: Trying to unpickle estimator OneHotEncoder from version 1.2.0 when using version 1.1.1. This might lead to breaking code or invalid results. Use at your own risk. For more info please refer to:
https://scikit-learn.org/stable/model_persistence.html#security-maintainability-limitations
  warnings.warn(
/home/victor/.pyenv/versions/workplace/envs/persite/lib/python3.8/site-packages/sklearn/base.py:329: UserWarning: Trying to unpickle estimator Pipeline from version 1.2.0 when using version 1.1.1. This might lead to breaking code or invalid results. Use at your own risk. For more info please refer to:
https://scikit-learn.org/stable/model_persistence.html#security-maintainability-limitations
  warnings.warn(
/home/victor/.pyenv/versions/workplace/envs/persite/lib/python3.8/site-packages/sklearn/base.py:329: UserWarning: Trying to unpickle estimator ColumnTransformer from version 1.2.0 when using version 1.1.1. This might lead to breaking code or invalid results. Use at your own risk. For more info please refer to:
https://scikit-learn.org/stable/model_persistence.html#security-maintainability-limitations
  warnings.warn(
/home/victor/.pyenv/versions/workplace/envs/persite/lib/python3.8/site-packages/sklearn/base.py:329: UserWarning: Trying to unpickle estimator MinMaxScaler from version 1.2.0 when using version 1.1.1. This might lead to breaking code or invalid results. Use at your own risk. For more info please refer to:
https://scikit-learn.org/stable/model_persistence.html#security-maintainability-limitations
  warnings.warn(
/home/victor/.pyenv/versions/workplace/envs/persite/lib/python3.8/site-packages/sklearn/base.py:329: UserWarning: Trying to unpickle estimator SVR from version 1.2.0 when using version 1.1.1. This might lead to breaking code or invalid results. Use at your own risk. For more info please refer to:
https://scikit-learn.org/stable/model_persistence.html#security-maintainability-limitations
  warnings.warn(
/home/victor/.pyenv/versions/workplace/envs/persite/lib/python3.8/site-packages/sklearn/base.py:329: UserWarning: Trying to unpickle estimator FunctionTransformer from version 1.2.0 when using version 1.1.1. This might lead to breaking code or invalid results. Use at your own risk. For more info please refer to:
https://scikit-learn.org/stable/model_persistence.html#security-maintainability-limitations
  warnings.warn(
/home/victor/.pyenv/versions/workplace/envs/persite/lib/python3.8/site-packages/sklearn/base.py:329: UserWarning: Trying to unpickle estimator RandomizedSearchCV from version 1.2.0 when using version 1.1.1. This might lead to breaking code or invalid results. Use at your own risk. For more info please refer to:
https://scikit-learn.org/stable/model_persistence.html#security-maintainability-limitations
  warnings.warn(
ERROR:    Exception in ASGI application
Traceback (most recent call last):
  File "/home/victor/.pyenv/versions/workplace/envs/persite/lib/python3.8/site-packages/uvicorn/protocols/http/h11_impl.py", line 428, in run_asgi
    result = await app(  # type: ignore[func-returns-value]
  File "/home/victor/.pyenv/versions/workplace/envs/persite/lib/python3.8/site-packages/uvicorn/middleware/proxy_headers.py", line 78, in __call__
    return await self.app(scope, receive, send)
  File "/home/victor/.pyenv/versions/workplace/envs/persite/lib/python3.8/site-packages/fastapi/applications.py", line 276, in __call__
    await super().__call__(scope, receive, send)
  File "/home/victor/.pyenv/versions/workplace/envs/persite/lib/python3.8/site-packages/starlette/applications.py", line 122, in __call__
    await self.middleware_stack(scope, receive, send)
  File "/home/victor/.pyenv/versions/workplace/envs/persite/lib/python3.8/site-packages/starlette/middleware/errors.py", line 184, in __call__
    raise exc
  File "/home/victor/.pyenv/versions/workplace/envs/persite/lib/python3.8/site-packages/starlette/middleware/errors.py", line 162, in __call__
    await self.app(scope, receive, _send)
  File "/home/victor/.pyenv/versions/workplace/envs/persite/lib/python3.8/site-packages/starlette/middleware/cors.py", line 83, in __call__
    await self.app(scope, receive, send)
  File "/home/victor/.pyenv/versions/workplace/envs/persite/lib/python3.8/site-packages/starlette/middleware/exceptions.py", line 79, in __call__
    raise exc
  File "/home/victor/.pyenv/versions/workplace/envs/persite/lib/python3.8/site-packages/starlette/middleware/exceptions.py", line 68, in __call__
    await self.app(scope, receive, sender)
  File "/home/victor/.pyenv/versions/workplace/envs/persite/lib/python3.8/site-packages/fastapi/middleware/asyncexitstack.py", line 21, in __call__
    raise e
  File "/home/victor/.pyenv/versions/workplace/envs/persite/lib/python3.8/site-packages/fastapi/middleware/asyncexitstack.py", line 18, in __call__
    await self.app(scope, receive, send)
  File "/home/victor/.pyenv/versions/workplace/envs/persite/lib/python3.8/site-packages/starlette/routing.py", line 718, in __call__
    await route.handle(scope, receive, send)
  File "/home/victor/.pyenv/versions/workplace/envs/persite/lib/python3.8/site-packages/starlette/routing.py", line 276, in handle
    await self.app(scope, receive, send)
  File "/home/victor/.pyenv/versions/workplace/envs/persite/lib/python3.8/site-packages/starlette/routing.py", line 66, in app
    response = await func(request)
  File "/home/victor/.pyenv/versions/workplace/envs/persite/lib/python3.8/site-packages/fastapi/routing.py", line 237, in app
    raw_response = await run_endpoint_function(
  File "/home/victor/.pyenv/versions/workplace/envs/persite/lib/python3.8/site-packages/fastapi/routing.py", line 165, in run_endpoint_function
    return await run_in_threadpool(dependant.call, **values)
  File "/home/victor/.pyenv/versions/workplace/envs/persite/lib/python3.8/site-packages/starlette/concurrency.py", line 41, in run_in_threadpool
    return await anyio.to_thread.run_sync(func, *args)
  File "/home/victor/.pyenv/versions/workplace/envs/persite/lib/python3.8/site-packages/anyio/to_thread.py", line 33, in run_sync
    return await get_asynclib().run_sync_in_worker_thread(
  File "/home/victor/.pyenv/versions/workplace/envs/persite/lib/python3.8/site-packages/anyio/_backends/_asyncio.py", line 877, in run_sync_in_worker_thread
    return await future
  File "/home/victor/.pyenv/versions/workplace/envs/persite/lib/python3.8/site-packages/anyio/_backends/_asyncio.py", line 807, in run
    result = context.run(func, *args)
  File "/home/victor/workplace/personal-site/04_newyork_taxi_fare/api-dir/api/fast.py", line 35, in predict_fare
    y_pred = model.predict(X_pred)
  File "/home/victor/.pyenv/versions/workplace/envs/persite/lib/python3.8/site-packages/sklearn/model_selection/_search.py", line 500, in predict
    return self.best_estimator_.predict(X)
  File "/home/victor/.pyenv/versions/workplace/envs/persite/lib/python3.8/site-packages/sklearn/pipeline.py", line 457, in predict
    Xt = transform.transform(Xt)
  File "/home/victor/.pyenv/versions/workplace/envs/persite/lib/python3.8/site-packages/sklearn/pipeline.py", line 635, in transform
    Xt = transform.transform(Xt)
  File "/home/victor/.pyenv/versions/workplace/envs/persite/lib/python3.8/site-packages/sklearn/compose/_column_transformer.py", line 746, in transform
    Xs = self._fit_transform(
  File "/home/victor/.pyenv/versions/workplace/envs/persite/lib/python3.8/site-packages/sklearn/compose/_column_transformer.py", line 604, in _fit_transform
    return Parallel(n_jobs=self.n_jobs)(
  File "/home/victor/.pyenv/versions/workplace/envs/persite/lib/python3.8/site-packages/joblib/parallel.py", line 1088, in __call__
    while self.dispatch_one_batch(iterator):
  File "/home/victor/.pyenv/versions/workplace/envs/persite/lib/python3.8/site-packages/joblib/parallel.py", line 901, in dispatch_one_batch
    self._dispatch(tasks)
  File "/home/victor/.pyenv/versions/workplace/envs/persite/lib/python3.8/site-packages/joblib/parallel.py", line 819, in _dispatch
    job = self._backend.apply_async(batch, callback=cb)
  File "/home/victor/.pyenv/versions/workplace/envs/persite/lib/python3.8/site-packages/joblib/_parallel_backends.py", line 208, in apply_async
    result = ImmediateResult(func)
  File "/home/victor/.pyenv/versions/workplace/envs/persite/lib/python3.8/site-packages/joblib/_parallel_backends.py", line 597, in __init__
    self.results = batch()
  File "/home/victor/.pyenv/versions/workplace/envs/persite/lib/python3.8/site-packages/joblib/parallel.py", line 288, in __call__
    return [func(*args, **kwargs)
  File "/home/victor/.pyenv/versions/workplace/envs/persite/lib/python3.8/site-packages/joblib/parallel.py", line 288, in <listcomp>
    return [func(*args, **kwargs)
  File "/home/victor/.pyenv/versions/workplace/envs/persite/lib/python3.8/site-packages/sklearn/utils/fixes.py", line 117, in __call__
    return self.function(*args, **kwargs)
  File "/home/victor/.pyenv/versions/workplace/envs/persite/lib/python3.8/site-packages/sklearn/pipeline.py", line 853, in _transform_one
    res = transformer.transform(X)
  File "/home/victor/.pyenv/versions/workplace/envs/persite/lib/python3.8/site-packages/sklearn/pipeline.py", line 635, in transform
    Xt = transform.transform(Xt)
  File "/home/victor/workplace/personal-site/04_newyork_taxi_fare/api-dir/NYCTaxiFare/encoders.py", line 22, in transform
    X_.index = pd.to_datetime(X[self.time_column])
  File "/home/victor/.pyenv/versions/workplace/envs/persite/lib/python3.8/site-packages/pandas/core/tools/datetimes.py", line 1050, in to_datetime
    values = convert_listlike(arg._values, format)
  File "/home/victor/.pyenv/versions/workplace/envs/persite/lib/python3.8/site-packages/pandas/core/tools/datetimes.py", line 455, in _convert_listlike_datetimes
    result, tz_parsed = objects_to_datetime64ns(
  File "/home/victor/.pyenv/versions/workplace/envs/persite/lib/python3.8/site-packages/pandas/core/arrays/datetimes.py", line 2177, in objects_to_datetime64ns
    result, tz_parsed = tslib.array_to_datetime(
  File "pandas/_libs/tslib.pyx", line 402, in pandas._libs.tslib.array_to_datetime
  File "pandas/_libs/tslib.pyx", line 551, in pandas._libs.tslib.array_to_datetime
  File "pandas/_libs/tslib.pyx", line 516, in pandas._libs.tslib.array_to_datetime
  File "pandas/_libs/tslibs/conversion.pyx", line 557, in pandas._libs.tslibs.conversion.convert_str_to_tsobject
  File "pandas/_libs/tslibs/parsing.pyx", line 307, in pandas._libs.tslibs.parsing.parse_datetime_string
ValueError: Given date string "1" not likely a datetime, at position 0
INFO:     127.0.0.1:56222 - "GET /predict_fare?pickup_datetime=2012-10-06%2012%3A10%3A20.0000001%20UTC&pickup_longitude=74&pickup_latitude=40&dropoff_longitude=74&dropoff_latitude=41&passenger_count=1 HTTP/1.1" 200 OK
INFO:     127.0.0.1:35622 - "GET /?key=2012-10-06%2012:10:20.0000001&pickup_latitude=-74.047455&pickup_longitude=40.721568&dropoff_latitude=-73.87071&dropoff_longitude=40.775069&passenger_count=1&pickup_datetime=2023-05-29%2019:55:43%20UTC HTTP/1.0" 200 OK
INFO:     127.0.0.1:43616 - "GET /?key=2012-10-06%2012:10:20.0000001&pickup_latitude=-74.047455&pickup_longitude=40.721568&dropoff_latitude=-73.87071&dropoff_longitude=40.775069&passenger_count=1&pickup_datetime=2023-05-29%2019:56:23%20UTC HTTP/1.0" 200 OK
INFO:     127.0.0.1:52414 - "GET /?key=2012-10-06%2012:10:20.0000001&pickup_latitude=-74.047455&pickup_longitude=40.721568&dropoff_latitude=-73.87071&dropoff_longitude=40.775069&passenger_count=1&pickup_datetime=2023-05-29%2019:55:43%20UTC HTTP/1.0" 200 OK
INFO:     127.0.0.1:53762 - "GET /?key=2012-10-06%2012:10:20.0000001&pickup_latitude=-74.047455&pickup_longitude=40.721568&dropoff_latitude=-73.87071&dropoff_longitude=40.775069&passenger_count=1&pickup_datetime=2023-05-29%2019:55:43%20UTC HTTP/1.0" 200 OK
INFO:     127.0.0.1:35298 - "GET /predict_fare?pickup_datetime=2012-10-06%2012%3A10%3A20.0000001%20UTC&pickup_longitude=74&pickup_latitude=40&dropoff_longitude=74&dropoff_latitude=41&passenger_count=1%27 HTTP/1.1" 500 Internal Server Error
/home/victor/.pyenv/versions/workplace/envs/persite/lib/python3.8/site-packages/sklearn/base.py:329: UserWarning: Trying to unpickle estimator OneHotEncoder from version 1.2.0 when using version 1.1.1. This might lead to breaking code or invalid results. Use at your own risk. For more info please refer to:
https://scikit-learn.org/stable/model_persistence.html#security-maintainability-limitations
  warnings.warn(
/home/victor/.pyenv/versions/workplace/envs/persite/lib/python3.8/site-packages/sklearn/base.py:329: UserWarning: Trying to unpickle estimator Pipeline from version 1.2.0 when using version 1.1.1. This might lead to breaking code or invalid results. Use at your own risk. For more info please refer to:
https://scikit-learn.org/stable/model_persistence.html#security-maintainability-limitations
  warnings.warn(
/home/victor/.pyenv/versions/workplace/envs/persite/lib/python3.8/site-packages/sklearn/base.py:329: UserWarning: Trying to unpickle estimator ColumnTransformer from version 1.2.0 when using version 1.1.1. This might lead to breaking code or invalid results. Use at your own risk. For more info please refer to:
https://scikit-learn.org/stable/model_persistence.html#security-maintainability-limitations
  warnings.warn(
/home/victor/.pyenv/versions/workplace/envs/persite/lib/python3.8/site-packages/sklearn/base.py:329: UserWarning: Trying to unpickle estimator MinMaxScaler from version 1.2.0 when using version 1.1.1. This might lead to breaking code or invalid results. Use at your own risk. For more info please refer to:
https://scikit-learn.org/stable/model_persistence.html#security-maintainability-limitations
  warnings.warn(
/home/victor/.pyenv/versions/workplace/envs/persite/lib/python3.8/site-packages/sklearn/base.py:329: UserWarning: Trying to unpickle estimator SVR from version 1.2.0 when using version 1.1.1. This might lead to breaking code or invalid results. Use at your own risk. For more info please refer to:
https://scikit-learn.org/stable/model_persistence.html#security-maintainability-limitations
  warnings.warn(
/home/victor/.pyenv/versions/workplace/envs/persite/lib/python3.8/site-packages/sklearn/base.py:329: UserWarning: Trying to unpickle estimator FunctionTransformer from version 1.2.0 when using version 1.1.1. This might lead to breaking code or invalid results. Use at your own risk. For more info please refer to:
https://scikit-learn.org/stable/model_persistence.html#security-maintainability-limitations
  warnings.warn(
/home/victor/.pyenv/versions/workplace/envs/persite/lib/python3.8/site-packages/sklearn/base.py:329: UserWarning: Trying to unpickle estimator RandomizedSearchCV from version 1.2.0 when using version 1.1.1. This might lead to breaking code or invalid results. Use at your own risk. For more info please refer to:
https://scikit-learn.org/stable/model_persistence.html#security-maintainability-limitations
  warnings.warn(
/home/victor/.pyenv/versions/workplace/envs/persite/lib/python3.8/site-packages/sklearn/base.py:329: UserWarning: Trying to unpickle estimator OneHotEncoder from version 1.2.0 when using version 1.1.1. This might lead to breaking code or invalid results. Use at your own risk. For more info please refer to:
https://scikit-learn.org/stable/model_persistence.html#security-maintainability-limitations
  warnings.warn(
/home/victor/.pyenv/versions/workplace/envs/persite/lib/python3.8/site-packages/sklearn/base.py:329: UserWarning: Trying to unpickle estimator Pipeline from version 1.2.0 when using version 1.1.1. This might lead to breaking code or invalid results. Use at your own risk. For more info please refer to:
https://scikit-learn.org/stable/model_persistence.html#security-maintainability-limitations
  warnings.warn(
/home/victor/.pyenv/versions/workplace/envs/persite/lib/python3.8/site-packages/sklearn/base.py:329: UserWarning: Trying to unpickle estimator ColumnTransformer from version 1.2.0 when using version 1.1.1. This might lead to breaking code or invalid results. Use at your own risk. For more info please refer to:
https://scikit-learn.org/stable/model_persistence.html#security-maintainability-limitations
  warnings.warn(
/home/victor/.pyenv/versions/workplace/envs/persite/lib/python3.8/site-packages/sklearn/base.py:329: UserWarning: Trying to unpickle estimator MinMaxScaler from version 1.2.0 when using version 1.1.1. This might lead to breaking code or invalid results. Use at your own risk. For more info please refer to:
https://scikit-learn.org/stable/model_persistence.html#security-maintainability-limitations
  warnings.warn(
/home/victor/.pyenv/versions/workplace/envs/persite/lib/python3.8/site-packages/sklearn/base.py:329: UserWarning: Trying to unpickle estimator SVR from version 1.2.0 when using version 1.1.1. This might lead to breaking code or invalid results. Use at your own risk. For more info please refer to:
https://scikit-learn.org/stable/model_persistence.html#security-maintainability-limitations
  warnings.warn(
/home/victor/.pyenv/versions/workplace/envs/persite/lib/python3.8/site-packages/sklearn/base.py:329: UserWarning: Trying to unpickle estimator FunctionTransformer from version 1.2.0 when using version 1.1.1. This might lead to breaking code or invalid results. Use at your own risk. For more info please refer to:
https://scikit-learn.org/stable/model_persistence.html#security-maintainability-limitations
  warnings.warn(
/home/victor/.pyenv/versions/workplace/envs/persite/lib/python3.8/site-packages/sklearn/base.py:329: UserWarning: Trying to unpickle estimator RandomizedSearchCV from version 1.2.0 when using version 1.1.1. This might lead to breaking code or invalid results. Use at your own risk. For more info please refer to:
https://scikit-learn.org/stable/model_persistence.html#security-maintainability-limitations
  warnings.warn(
ERROR:    Exception in ASGI application
Traceback (most recent call last):
  File "/home/victor/.pyenv/versions/workplace/envs/persite/lib/python3.8/site-packages/uvicorn/protocols/http/h11_impl.py", line 428, in run_asgi
    result = await app(  # type: ignore[func-returns-value]
  File "/home/victor/.pyenv/versions/workplace/envs/persite/lib/python3.8/site-packages/uvicorn/middleware/proxy_headers.py", line 78, in __call__
    return await self.app(scope, receive, send)
  File "/home/victor/.pyenv/versions/workplace/envs/persite/lib/python3.8/site-packages/fastapi/applications.py", line 276, in __call__
    await super().__call__(scope, receive, send)
  File "/home/victor/.pyenv/versions/workplace/envs/persite/lib/python3.8/site-packages/starlette/applications.py", line 122, in __call__
    await self.middleware_stack(scope, receive, send)
  File "/home/victor/.pyenv/versions/workplace/envs/persite/lib/python3.8/site-packages/starlette/middleware/errors.py", line 184, in __call__
    raise exc
  File "/home/victor/.pyenv/versions/workplace/envs/persite/lib/python3.8/site-packages/starlette/middleware/errors.py", line 162, in __call__
    await self.app(scope, receive, _send)
  File "/home/victor/.pyenv/versions/workplace/envs/persite/lib/python3.8/site-packages/starlette/middleware/cors.py", line 83, in __call__
    await self.app(scope, receive, send)
  File "/home/victor/.pyenv/versions/workplace/envs/persite/lib/python3.8/site-packages/starlette/middleware/exceptions.py", line 79, in __call__
    raise exc
  File "/home/victor/.pyenv/versions/workplace/envs/persite/lib/python3.8/site-packages/starlette/middleware/exceptions.py", line 68, in __call__
    await self.app(scope, receive, sender)
  File "/home/victor/.pyenv/versions/workplace/envs/persite/lib/python3.8/site-packages/fastapi/middleware/asyncexitstack.py", line 21, in __call__
    raise e
  File "/home/victor/.pyenv/versions/workplace/envs/persite/lib/python3.8/site-packages/fastapi/middleware/asyncexitstack.py", line 18, in __call__
    await self.app(scope, receive, send)
  File "/home/victor/.pyenv/versions/workplace/envs/persite/lib/python3.8/site-packages/starlette/routing.py", line 718, in __call__
    await route.handle(scope, receive, send)
  File "/home/victor/.pyenv/versions/workplace/envs/persite/lib/python3.8/site-packages/starlette/routing.py", line 276, in handle
    await self.app(scope, receive, send)
  File "/home/victor/.pyenv/versions/workplace/envs/persite/lib/python3.8/site-packages/starlette/routing.py", line 66, in app
    response = await func(request)
  File "/home/victor/.pyenv/versions/workplace/envs/persite/lib/python3.8/site-packages/fastapi/routing.py", line 237, in app
    raw_response = await run_endpoint_function(
  File "/home/victor/.pyenv/versions/workplace/envs/persite/lib/python3.8/site-packages/fastapi/routing.py", line 165, in run_endpoint_function
    return await run_in_threadpool(dependant.call, **values)
  File "/home/victor/.pyenv/versions/workplace/envs/persite/lib/python3.8/site-packages/starlette/concurrency.py", line 41, in run_in_threadpool
    return await anyio.to_thread.run_sync(func, *args)
  File "/home/victor/.pyenv/versions/workplace/envs/persite/lib/python3.8/site-packages/anyio/to_thread.py", line 33, in run_sync
    return await get_asynclib().run_sync_in_worker_thread(
  File "/home/victor/.pyenv/versions/workplace/envs/persite/lib/python3.8/site-packages/anyio/_backends/_asyncio.py", line 877, in run_sync_in_worker_thread
    return await future
  File "/home/victor/.pyenv/versions/workplace/envs/persite/lib/python3.8/site-packages/anyio/_backends/_asyncio.py", line 807, in run
    result = context.run(func, *args)
  File "/home/victor/workplace/personal-site/04_newyork_taxi_fare/api-dir/api/fast.py", line 32, in predict_fare
    "passenger_count": [int(passenger_count)]
ValueError: invalid literal for int() with base 10: "1'"
INFO:     127.0.0.1:33324 - "GET /predict_fare?pickup_datetime=2012-10-06%2012%3A10%3A20.0000001%20UTC&pickup_longitude=74&pickup_latitude=40&dropoff_longitude=74&dropoff_latitude=41&passenger_count=1 HTTP/1.1" 200 OK
INFO:     127.0.0.1:49914 - "GET /?key=2012-10-06%2012:10:20.0000001&pickup_latitude=-74.047455&pickup_longitude=40.721568&dropoff_latitude=-73.87071&dropoff_longitude=40.775069&passenger_count=1&pickup_datetime=2023-05-29%2019:55:43%20UTC HTTP/1.0" 200 OK
INFO:     127.0.0.1:42492 - "GET //?key=2012-10-06%2012:10:20.0000001&pickup_latitude=-74.047455&pickup_longitude=40.721568&dropoff_latitude=-73.87071&dropoff_longitude=40.775069&passenger_count=1&pickup_datetime=2023-05-29%2019:55:43%20UTC HTTP/1.0" 404 Not Found
INFO:     127.0.0.1:54964 - "GET /?key=2012-10-06%2012:10:20.0000001&pickup_latitude=-74.047455&pickup_longitude=40.721568&dropoff_latitude=-73.87071&dropoff_longitude=40.775069&passenger_count=1&pickup_datetime=2023-05-29%2020:00:45%20UTC HTTP/1.0" 200 OK
INFO:     127.0.0.1:52844 - "GET /taxifare/predict_fare?key=2012-10-06%2012:10:20.0000001&pickup_latitude=-74.047455&pickup_longitude=40.721568&dropoff_latitude=-73.87071&dropoff_longitude=40.775069&passenger_count=1&pickup_datetime=2023-05-29%2020:04:30%20UTC HTTP/1.0" 404 Not Found
INFO:     127.0.0.1:37182 - "GET /taxifare/predict_fare?key=2012-10-06%2012:10:20.0000001&pickup_latitude=-74.047455&pickup_longitude=40.721568&dropoff_latitude=-73.87071&dropoff_longitude=40.775069&passenger_count=1&pickup_datetime=2023-05-29%2020:04:30%20UTC HTTP/1.0" 404 Not Found
INFO:     127.0.0.1:35122 - "GET /predict_fare?key=2012-10-06%2012:10:20.0000001&pickup_latitude=-74.047455&pickup_longitude=40.721568&dropoff_latitude=-73.87071&dropoff_longitude=40.775069&passenger_count=1&pickup_datetime=2023-05-29%2020:04:30%20UTC HTTP/1.1" 200 OK
INFO:     127.0.0.1:59304 - "GET /taxifare/predict_farepredict_fare?key=2012-10-06%2012:10:20.0000001&pickup_latitude=-74.047455&pickup_longitude=40.721568&dropoff_latitude=-73.87071&dropoff_longitude=40.775069&passenger_count=1&pickup_datetime=2023-05-29%2020:06:10%20UTC HTTP/1.0" 404 Not Found
INFO:     127.0.0.1:45914 - "GET /taxifare/predict_fare?key=2012-10-06%2012:10:20.0000001&pickup_latitude=-74.047455&pickup_longitude=40.721568&dropoff_latitude=-73.87071&dropoff_longitude=40.775069&passenger_count=1&pickup_datetime=2023-05-29%2020:06:10%20UTC HTTP/1.0" 404 Not Found
INFO:     127.0.0.1:39956 - "GET /taxifare/predict_fare?key=2012-10-06%2012:10:20.0000001&pickup_latitude=-74.047455&pickup_longitude=40.721568&dropoff_latitude=-73.87071&dropoff_longitude=40.775069&passenger_count=1&pickup_datetime=2023-05-29%2020:07:31%20UTC HTTP/1.0" 404 Not Found
INFO:     127.0.0.1:53362 - "GET /taxifare/predict_fare?key=2012-10-06%2012:10:20.0000001&pickup_latitude=-74.047455&pickup_longitude=40.721568&dropoff_latitude=-73.87071&dropoff_longitude=40.775069&passenger_count=1&pickup_datetime=2023-05-29%2020:07:31%20UTC HTTP/1.0" 404 Not Found
INFO:     127.0.0.1:53376 - "GET /predict_fare?key=2012-10-06%2012:10:20.0000001&pickup_latitude=-74.047455&pickup_longitude=40.721568&dropoff_latitude=-73.87071&dropoff_longitude=40.775069&passenger_count=1&pickup_datetime=2023-05-29%2020:07:31%20UTC HTTP/1.1" 200 OK
INFO:     127.0.0.1:38720 - "GET /taxifare/predict_fare?key=2012-10-06%2012:10:20.0000001&pickup_latitude=-74.047455&pickup_longitude=40.721568&dropoff_latitude=-73.87071&dropoff_longitude=40.775069&passenger_count=1&pickup_datetime=2023-05-29%2020:08:34%20UTC HTTP/1.1" 404 Not Found
/home/victor/.pyenv/versions/workplace/envs/persite/lib/python3.8/site-packages/sklearn/base.py:329: UserWarning: Trying to unpickle estimator OneHotEncoder from version 1.2.0 when using version 1.1.1. This might lead to breaking code or invalid results. Use at your own risk. For more info please refer to:
https://scikit-learn.org/stable/model_persistence.html#security-maintainability-limitations
  warnings.warn(
/home/victor/.pyenv/versions/workplace/envs/persite/lib/python3.8/site-packages/sklearn/base.py:329: UserWarning: Trying to unpickle estimator Pipeline from version 1.2.0 when using version 1.1.1. This might lead to breaking code or invalid results. Use at your own risk. For more info please refer to:
https://scikit-learn.org/stable/model_persistence.html#security-maintainability-limitations
  warnings.warn(
/home/victor/.pyenv/versions/workplace/envs/persite/lib/python3.8/site-packages/sklearn/base.py:329: UserWarning: Trying to unpickle estimator ColumnTransformer from version 1.2.0 when using version 1.1.1. This might lead to breaking code or invalid results. Use at your own risk. For more info please refer to:
https://scikit-learn.org/stable/model_persistence.html#security-maintainability-limitations
  warnings.warn(
/home/victor/.pyenv/versions/workplace/envs/persite/lib/python3.8/site-packages/sklearn/base.py:329: UserWarning: Trying to unpickle estimator MinMaxScaler from version 1.2.0 when using version 1.1.1. This might lead to breaking code or invalid results. Use at your own risk. For more info please refer to:
https://scikit-learn.org/stable/model_persistence.html#security-maintainability-limitations
  warnings.warn(
/home/victor/.pyenv/versions/workplace/envs/persite/lib/python3.8/site-packages/sklearn/base.py:329: UserWarning: Trying to unpickle estimator SVR from version 1.2.0 when using version 1.1.1. This might lead to breaking code or invalid results. Use at your own risk. For more info please refer to:
https://scikit-learn.org/stable/model_persistence.html#security-maintainability-limitations
  warnings.warn(
/home/victor/.pyenv/versions/workplace/envs/persite/lib/python3.8/site-packages/sklearn/base.py:329: UserWarning: Trying to unpickle estimator FunctionTransformer from version 1.2.0 when using version 1.1.1. This might lead to breaking code or invalid results. Use at your own risk. For more info please refer to:
https://scikit-learn.org/stable/model_persistence.html#security-maintainability-limitations
  warnings.warn(
/home/victor/.pyenv/versions/workplace/envs/persite/lib/python3.8/site-packages/sklearn/base.py:329: UserWarning: Trying to unpickle estimator RandomizedSearchCV from version 1.2.0 when using version 1.1.1. This might lead to breaking code or invalid results. Use at your own risk. For more info please refer to:
https://scikit-learn.org/stable/model_persistence.html#security-maintainability-limitations
  warnings.warn(
/home/victor/.pyenv/versions/workplace/envs/persite/lib/python3.8/site-packages/sklearn/base.py:329: UserWarning: Trying to unpickle estimator OneHotEncoder from version 1.2.0 when using version 1.1.1. This might lead to breaking code or invalid results. Use at your own risk. For more info please refer to:
https://scikit-learn.org/stable/model_persistence.html#security-maintainability-limitations
  warnings.warn(
/home/victor/.pyenv/versions/workplace/envs/persite/lib/python3.8/site-packages/sklearn/base.py:329: UserWarning: Trying to unpickle estimator Pipeline from version 1.2.0 when using version 1.1.1. This might lead to breaking code or invalid results. Use at your own risk. For more info please refer to:
https://scikit-learn.org/stable/model_persistence.html#security-maintainability-limitations
  warnings.warn(
/home/victor/.pyenv/versions/workplace/envs/persite/lib/python3.8/site-packages/sklearn/base.py:329: UserWarning: Trying to unpickle estimator ColumnTransformer from version 1.2.0 when using version 1.1.1. This might lead to breaking code or invalid results. Use at your own risk. For more info please refer to:
https://scikit-learn.org/stable/model_persistence.html#security-maintainability-limitations
  warnings.warn(
/home/victor/.pyenv/versions/workplace/envs/persite/lib/python3.8/site-packages/sklearn/base.py:329: UserWarning: Trying to unpickle estimator MinMaxScaler from version 1.2.0 when using version 1.1.1. This might lead to breaking code or invalid results. Use at your own risk. For more info please refer to:
https://scikit-learn.org/stable/model_persistence.html#security-maintainability-limitations
  warnings.warn(
/home/victor/.pyenv/versions/workplace/envs/persite/lib/python3.8/site-packages/sklearn/base.py:329: UserWarning: Trying to unpickle estimator SVR from version 1.2.0 when using version 1.1.1. This might lead to breaking code or invalid results. Use at your own risk. For more info please refer to:
https://scikit-learn.org/stable/model_persistence.html#security-maintainability-limitations
  warnings.warn(
/home/victor/.pyenv/versions/workplace/envs/persite/lib/python3.8/site-packages/sklearn/base.py:329: UserWarning: Trying to unpickle estimator FunctionTransformer from version 1.2.0 when using version 1.1.1. This might lead to breaking code or invalid results. Use at your own risk. For more info please refer to:
https://scikit-learn.org/stable/model_persistence.html#security-maintainability-limitations
  warnings.warn(
/home/victor/.pyenv/versions/workplace/envs/persite/lib/python3.8/site-packages/sklearn/base.py:329: UserWarning: Trying to unpickle estimator RandomizedSearchCV from version 1.2.0 when using version 1.1.1. This might lead to breaking code or invalid results. Use at your own risk. For more info please refer to:
https://scikit-learn.org/stable/model_persistence.html#security-maintainability-limitations
  warnings.warn(
/home/victor/.pyenv/versions/workplace/envs/persite/lib/python3.8/site-packages/sklearn/base.py:329: UserWarning: Trying to unpickle estimator OneHotEncoder from version 1.2.0 when using version 1.1.1. This might lead to breaking code or invalid results. Use at your own risk. For more info please refer to:
https://scikit-learn.org/stable/model_persistence.html#security-maintainability-limitations
  warnings.warn(
/home/victor/.pyenv/versions/workplace/envs/persite/lib/python3.8/site-packages/sklearn/base.py:329: UserWarning: Trying to unpickle estimator Pipeline from version 1.2.0 when using version 1.1.1. This might lead to breaking code or invalid results. Use at your own risk. For more info please refer to:
https://scikit-learn.org/stable/model_persistence.html#security-maintainability-limitations
  warnings.warn(
/home/victor/.pyenv/versions/workplace/envs/persite/lib/python3.8/site-packages/sklearn/base.py:329: UserWarning: Trying to unpickle estimator ColumnTransformer from version 1.2.0 when using version 1.1.1. This might lead to breaking code or invalid results. Use at your own risk. For more info please refer to:
https://scikit-learn.org/stable/model_persistence.html#security-maintainability-limitations
  warnings.warn(
/home/victor/.pyenv/versions/workplace/envs/persite/lib/python3.8/site-packages/sklearn/base.py:329: UserWarning: Trying to unpickle estimator MinMaxScaler from version 1.2.0 when using version 1.1.1. This might lead to breaking code or invalid results. Use at your own risk. For more info please refer to:
https://scikit-learn.org/stable/model_persistence.html#security-maintainability-limitations
  warnings.warn(
/home/victor/.pyenv/versions/workplace/envs/persite/lib/python3.8/site-packages/sklearn/base.py:329: UserWarning: Trying to unpickle estimator SVR from version 1.2.0 when using version 1.1.1. This might lead to breaking code or invalid results. Use at your own risk. For more info please refer to:
https://scikit-learn.org/stable/model_persistence.html#security-maintainability-limitations
  warnings.warn(
INFO:     127.0.0.1:50004 - "GET /predict_fare?key=2012-10-06%2012:10:20.0000001&pickup_latitude=-74.047455&pickup_longitude=40.721568&dropoff_latitude=-73.87071&dropoff_longitude=40.775069&passenger_count=1&pickup_datetime=2023-05-29%2020:06:10%20UTC HTTP/1.1" 200 OK
INFO:     127.0.0.1:38366 - "GET /taxifare/predict_fare?key=2012-10-06%2012:10:20.0000001&pickup_latitude=-74.047455&pickup_longitude=40.721568&dropoff_latitude=-73.87071&dropoff_longitude=40.775069&passenger_count=1&pickup_datetime=2023-05-29%2020:11:36%20UTC HTTP/1.0" 404 Not Found
INFO:     127.0.0.1:50494 - "GET /taxifare/predict_fare?key=2012-10-06%2012:10:20.0000001&pickup_latitude=-74.047455&pickup_longitude=40.721568&dropoff_latitude=-73.87071&dropoff_longitude=40.775069&passenger_count=1&pickup_datetime=2023-05-29%2020:13:11%20UTC HTTP/1.0" 404 Not Found
INFO:     Started server process [10729]
INFO:     Waiting for application startup.
INFO:     Application startup complete.
INFO:     Uvicorn running on http://127.0.0.1:8900 (Press CTRL+C to quit)
INFO:     127.0.0.1:45726 - "GET /predict_fare?key=2012-10-06%2012:10:20.0000001&pickup_latitude=-74.047525&pickup_longitude=40.72159&dropoff_latitude=-74.047525&dropoff_longitude=40.72159&passenger_count=1&pickup_datetime=2023-05-30%2020:10:59%20UTC HTTP/1.1" 200 OK
INFO:     127.0.0.1:45726 - "GET /favicon.ico HTTP/1.1" 404 Not Found
INFO:     127.0.0.1:57946 - "GET /predict_fare?key=2012-10-06%2012:10:20.0000001&pickup_latitude=-74.047525&pickup_longitude=40.72159&dropoff_latitude=-74.047525&dropoff_longitude=40.72159&passenger_count=1&pickup_datetime=2023-05-30%2020:10:59%20UTC HTTP/1.0" 200 OK
/home/victor/.pyenv/versions/workplace/envs/persite/lib/python3.8/site-packages/sklearn/base.py:329: UserWarning: Trying to unpickle estimator OneHotEncoder from version 1.2.0 when using version 1.1.1. This might lead to breaking code or invalid results. Use at your own risk. For more info please refer to:
https://scikit-learn.org/stable/model_persistence.html#security-maintainability-limitations
  warnings.warn(
/home/victor/.pyenv/versions/workplace/envs/persite/lib/python3.8/site-packages/sklearn/base.py:329: UserWarning: Trying to unpickle estimator Pipeline from version 1.2.0 when using version 1.1.1. This might lead to breaking code or invalid results. Use at your own risk. For more info please refer to:
https://scikit-learn.org/stable/model_persistence.html#security-maintainability-limitations
  warnings.warn(
/home/victor/.pyenv/versions/workplace/envs/persite/lib/python3.8/site-packages/sklearn/base.py:329: UserWarning: Trying to unpickle estimator ColumnTransformer from version 1.2.0 when using version 1.1.1. This might lead to breaking code or invalid results. Use at your own risk. For more info please refer to:
https://scikit-learn.org/stable/model_persistence.html#security-maintainability-limitations
  warnings.warn(
/home/victor/.pyenv/versions/workplace/envs/persite/lib/python3.8/site-packages/sklearn/base.py:329: UserWarning: Trying to unpickle estimator MinMaxScaler from version 1.2.0 when using version 1.1.1. This might lead to breaking code or invalid results. Use at your own risk. For more info please refer to:
https://scikit-learn.org/stable/model_persistence.html#security-maintainability-limitations
  warnings.warn(
/home/victor/.pyenv/versions/workplace/envs/persite/lib/python3.8/site-packages/sklearn/base.py:329: UserWarning: Trying to unpickle estimator SVR from version 1.2.0 when using version 1.1.1. This might lead to breaking code or invalid results. Use at your own risk. For more info please refer to:
https://scikit-learn.org/stable/model_persistence.html#security-maintainability-limitations
  warnings.warn(
/home/victor/.pyenv/versions/workplace/envs/persite/lib/python3.8/site-packages/sklearn/base.py:329: UserWarning: Trying to unpickle estimator FunctionTransformer from version 1.2.0 when using version 1.1.1. This might lead to breaking code or invalid results. Use at your own risk. For more info please refer to:
https://scikit-learn.org/stable/model_persistence.html#security-maintainability-limitations
  warnings.warn(
/home/victor/.pyenv/versions/workplace/envs/persite/lib/python3.8/site-packages/sklearn/base.py:329: UserWarning: Trying to unpickle estimator RandomizedSearchCV from version 1.2.0 when using version 1.1.1. This might lead to breaking code or invalid results. Use at your own risk. For more info please refer to:
https://scikit-learn.org/stable/model_persistence.html#security-maintainability-limitations
  warnings.warn(
/home/victor/.pyenv/versions/workplace/envs/persite/lib/python3.8/site-packages/sklearn/base.py:329: UserWarning: Trying to unpickle estimator OneHotEncoder from version 1.2.0 when using version 1.1.1. This might lead to breaking code or invalid results. Use at your own risk. For more info please refer to:
https://scikit-learn.org/stable/model_persistence.html#security-maintainability-limitations
  warnings.warn(
/home/victor/.pyenv/versions/workplace/envs/persite/lib/python3.8/site-packages/sklearn/base.py:329: UserWarning: Trying to unpickle estimator Pipeline from version 1.2.0 when using version 1.1.1. This might lead to breaking code or invalid results. Use at your own risk. For more info please refer to:
https://scikit-learn.org/stable/model_persistence.html#security-maintainability-limitations
  warnings.warn(
/home/victor/.pyenv/versions/workplace/envs/persite/lib/python3.8/site-packages/sklearn/base.py:329: UserWarning: Trying to unpickle estimator ColumnTransformer from version 1.2.0 when using version 1.1.1. This might lead to breaking code or invalid results. Use at your own risk. For more info please refer to:
https://scikit-learn.org/stable/model_persistence.html#security-maintainability-limitations
  warnings.warn(
/home/victor/.pyenv/versions/workplace/envs/persite/lib/python3.8/site-packages/sklearn/base.py:329: UserWarning: Trying to unpickle estimator MinMaxScaler from version 1.2.0 when using version 1.1.1. This might lead to breaking code or invalid results. Use at your own risk. For more info please refer to:
https://scikit-learn.org/stable/model_persistence.html#security-maintainability-limitations
  warnings.warn(
/home/victor/.pyenv/versions/workplace/envs/persite/lib/python3.8/site-packages/sklearn/base.py:329: UserWarning: Trying to unpickle estimator SVR from version 1.2.0 when using version 1.1.1. This might lead to breaking code or invalid results. Use at your own risk. For more info please refer to:
https://scikit-learn.org/stable/model_persistence.html#security-maintainability-limitations
  warnings.warn(
/home/victor/.pyenv/versions/workplace/envs/persite/lib/python3.8/site-packages/sklearn/base.py:329: UserWarning: Trying to unpickle estimator FunctionTransformer from version 1.2.0 when using version 1.1.1. This might lead to breaking code or invalid results. Use at your own risk. For more info please refer to:
https://scikit-learn.org/stable/model_persistence.html#security-maintainability-limitations
  warnings.warn(
/home/victor/.pyenv/versions/workplace/envs/persite/lib/python3.8/site-packages/sklearn/base.py:329: UserWarning: Trying to unpickle estimator RandomizedSearchCV from version 1.2.0 when using version 1.1.1. This might lead to breaking code or invalid results. Use at your own risk. For more info please refer to:
https://scikit-learn.org/stable/model_persistence.html#security-maintainability-limitations
  warnings.warn(
/home/victor/.pyenv/versions/workplace/envs/persite/lib/python3.8/site-packages/sklearn/base.py:329: UserWarning: Trying to unpickle estimator OneHotEncoder from version 1.2.0 when using version 1.1.1. This might lead to breaking code or invalid results. Use at your own risk. For more info please refer to:
https://scikit-learn.org/stable/model_persistence.html#security-maintainability-limitations
  warnings.warn(
/home/victor/.pyenv/versions/workplace/envs/persite/lib/python3.8/site-packages/sklearn/base.py:329: UserWarning: Trying to unpickle estimator Pipeline from version 1.2.0 when using version 1.1.1. This might lead to breaking code or invalid results. Use at your own risk. For more info please refer to:
https://scikit-learn.org/stable/model_persistence.html#security-maintainability-limitations
  warnings.warn(
/home/victor/.pyenv/versions/workplace/envs/persite/lib/python3.8/site-packages/sklearn/base.py:329: UserWarning: Trying to unpickle estimator ColumnTransformer from version 1.2.0 when using version 1.1.1. This might lead to breaking code or invalid results. Use at your own risk. For more info please refer to:
https://scikit-learn.org/stable/model_persistence.html#security-maintainability-limitations
  warnings.warn(
/home/victor/.pyenv/versions/workplace/envs/persite/lib/python3.8/site-packages/sklearn/base.py:329: UserWarning: Trying to unpickle estimator MinMaxScaler from version 1.2.0 when using version 1.1.1. This might lead to breaking code or invalid results. Use at your own risk. For more info please refer to:
https://scikit-learn.org/stable/model_persistence.html#security-maintainability-limitations
  warnings.warn(
/home/victor/.pyenv/versions/workplace/envs/persite/lib/python3.8/site-packages/sklearn/base.py:329: UserWarning: Trying to unpickle estimator SVR from version 1.2.0 when using version 1.1.1. This might lead to breaking code or invalid results. Use at your own risk. For more info please refer to:
https://scikit-learn.org/stable/model_persistence.html#security-maintainability-limitations
  warnings.warn(
INFO:     127.0.0.1:60944 - "GET /predict_fare?key=2012-10-06%2012:10:20.0000001&pickup_latitude=-74.047525&pickup_longitude=40.72159&dropoff_latitude=-74.047525&dropoff_longitude=40.72159&passenger_count=1&pickup_datetime=2023-05-30%2020:10:59%20UTC HTTP/1.0" 200 OK
INFO:     127.0.0.1:58380 - "GET /predict_fare?key=2012-10-06%2012:10:20.0000001&pickup_latitude=-74.047455&pickup_longitude=40.721568&dropoff_latitude=-73.87071&dropoff_longitude=40.775069&passenger_count=1&pickup_datetime=2023-05-30%2020:12:44%20UTC HTTP/1.0" 200 OK
INFO:     127.0.0.1:60020 - "GET /predict_fare?key=2012-10-06%2012:10:20.0000001&pickup_latitude=-74.047455&pickup_longitude=40.721568&dropoff_latitude=-73.87071&dropoff_longitude=40.775069&passenger_count=1&pickup_datetime=2023-05-30%2020:13:52%20UTC HTTP/1.0" 200 OK
INFO:     Started server process [32527]
INFO:     Waiting for application startup.
INFO:     Application startup complete.
INFO:     Uvicorn running on http://127.0.0.1:8900 (Press CTRL+C to quit)
INFO:     Started server process [18689]
INFO:     Waiting for application startup.
INFO:     Application startup complete.
INFO:     Uvicorn running on http://127.0.0.1:8900 (Press CTRL+C to quit)
INFO:     Shutting down
INFO:     Waiting for application shutdown.
INFO:     Application shutdown complete.
INFO:     Finished server process [18689]
INFO:     Started server process [19336]
INFO:     Waiting for application startup.
INFO:     Application startup complete.
INFO:     Uvicorn running on http://127.0.0.1:8900 (Press CTRL+C to quit)
INFO:     127.0.0.1:54606 - "GET /predict_fare?key=2012-10-06%2012:10:20.0000001&pickup_latitude=-73.97875&pickup_longitude=40.748157&dropoff_latitude=-73.986557&dropoff_longitude=40.718393&passenger_count=1&pickup_datetime=2023-09-14%2014:43:00%20UTC HTTP/1.0" 500 Internal Server Error
/home/victorbonnet/.pyenv/versions/3.8.10/envs/taxifare/lib/python3.8/site-packages/sklearn/base.py:318: UserWarning: Trying to unpickle estimator OneHotEncoder from version 1.2.0 when using version 1.2.2. This might lead to breaking code or invalid results. Use at your own risk. For more info please refer to:
https://scikit-learn.org/stable/model_persistence.html#security-maintainability-limitations
  warnings.warn(
/home/victorbonnet/.pyenv/versions/3.8.10/envs/taxifare/lib/python3.8/site-packages/sklearn/base.py:318: UserWarning: Trying to unpickle estimator Pipeline from version 1.2.0 when using version 1.2.2. This might lead to breaking code or invalid results. Use at your own risk. For more info please refer to:
https://scikit-learn.org/stable/model_persistence.html#security-maintainability-limitations
  warnings.warn(
/home/victorbonnet/.pyenv/versions/3.8.10/envs/taxifare/lib/python3.8/site-packages/sklearn/base.py:318: UserWarning: Trying to unpickle estimator ColumnTransformer from version 1.2.0 when using version 1.2.2. This might lead to breaking code or invalid results. Use at your own risk. For more info please refer to:
https://scikit-learn.org/stable/model_persistence.html#security-maintainability-limitations
  warnings.warn(
/home/victorbonnet/.pyenv/versions/3.8.10/envs/taxifare/lib/python3.8/site-packages/sklearn/base.py:318: UserWarning: Trying to unpickle estimator MinMaxScaler from version 1.2.0 when using version 1.2.2. This might lead to breaking code or invalid results. Use at your own risk. For more info please refer to:
https://scikit-learn.org/stable/model_persistence.html#security-maintainability-limitations
  warnings.warn(
/home/victorbonnet/.pyenv/versions/3.8.10/envs/taxifare/lib/python3.8/site-packages/sklearn/base.py:318: UserWarning: Trying to unpickle estimator SVR from version 1.2.0 when using version 1.2.2. This might lead to breaking code or invalid results. Use at your own risk. For more info please refer to:
https://scikit-learn.org/stable/model_persistence.html#security-maintainability-limitations
  warnings.warn(
/home/victorbonnet/.pyenv/versions/3.8.10/envs/taxifare/lib/python3.8/site-packages/sklearn/base.py:318: UserWarning: Trying to unpickle estimator FunctionTransformer from version 1.2.0 when using version 1.2.2. This might lead to breaking code or invalid results. Use at your own risk. For more info please refer to:
https://scikit-learn.org/stable/model_persistence.html#security-maintainability-limitations
  warnings.warn(
/home/victorbonnet/.pyenv/versions/3.8.10/envs/taxifare/lib/python3.8/site-packages/sklearn/base.py:318: UserWarning: Trying to unpickle estimator RandomizedSearchCV from version 1.2.0 when using version 1.2.2. This might lead to breaking code or invalid results. Use at your own risk. For more info please refer to:
https://scikit-learn.org/stable/model_persistence.html#security-maintainability-limitations
  warnings.warn(
ERROR:    Exception in ASGI application
Traceback (most recent call last):
  File "/home/victorbonnet/.pyenv/versions/3.8.10/envs/taxifare/lib/python3.8/site-packages/uvicorn/protocols/http/h11_impl.py", line 428, in run_asgi
    result = await app(  # type: ignore[func-returns-value]
  File "/home/victorbonnet/.pyenv/versions/3.8.10/envs/taxifare/lib/python3.8/site-packages/uvicorn/middleware/proxy_headers.py", line 78, in __call__
    return await self.app(scope, receive, send)
  File "/home/victorbonnet/.pyenv/versions/3.8.10/envs/taxifare/lib/python3.8/site-packages/fastapi/applications.py", line 284, in __call__
    await super().__call__(scope, receive, send)
  File "/home/victorbonnet/.pyenv/versions/3.8.10/envs/taxifare/lib/python3.8/site-packages/starlette/applications.py", line 122, in __call__
    await self.middleware_stack(scope, receive, send)
  File "/home/victorbonnet/.pyenv/versions/3.8.10/envs/taxifare/lib/python3.8/site-packages/starlette/middleware/errors.py", line 184, in __call__
    raise exc
  File "/home/victorbonnet/.pyenv/versions/3.8.10/envs/taxifare/lib/python3.8/site-packages/starlette/middleware/errors.py", line 162, in __call__
    await self.app(scope, receive, _send)
  File "/home/victorbonnet/.pyenv/versions/3.8.10/envs/taxifare/lib/python3.8/site-packages/starlette/middleware/cors.py", line 83, in __call__
    await self.app(scope, receive, send)
  File "/home/victorbonnet/.pyenv/versions/3.8.10/envs/taxifare/lib/python3.8/site-packages/starlette/middleware/exceptions.py", line 79, in __call__
    raise exc
  File "/home/victorbonnet/.pyenv/versions/3.8.10/envs/taxifare/lib/python3.8/site-packages/starlette/middleware/exceptions.py", line 68, in __call__
    await self.app(scope, receive, sender)
  File "/home/victorbonnet/.pyenv/versions/3.8.10/envs/taxifare/lib/python3.8/site-packages/fastapi/middleware/asyncexitstack.py", line 20, in __call__
    raise e
  File "/home/victorbonnet/.pyenv/versions/3.8.10/envs/taxifare/lib/python3.8/site-packages/fastapi/middleware/asyncexitstack.py", line 17, in __call__
    await self.app(scope, receive, send)
  File "/home/victorbonnet/.pyenv/versions/3.8.10/envs/taxifare/lib/python3.8/site-packages/starlette/routing.py", line 718, in __call__
    await route.handle(scope, receive, send)
  File "/home/victorbonnet/.pyenv/versions/3.8.10/envs/taxifare/lib/python3.8/site-packages/starlette/routing.py", line 276, in handle
    await self.app(scope, receive, send)
  File "/home/victorbonnet/.pyenv/versions/3.8.10/envs/taxifare/lib/python3.8/site-packages/starlette/routing.py", line 66, in app
    response = await func(request)
  File "/home/victorbonnet/.pyenv/versions/3.8.10/envs/taxifare/lib/python3.8/site-packages/fastapi/routing.py", line 241, in app
    raw_response = await run_endpoint_function(
  File "/home/victorbonnet/.pyenv/versions/3.8.10/envs/taxifare/lib/python3.8/site-packages/fastapi/routing.py", line 169, in run_endpoint_function
    return await run_in_threadpool(dependant.call, **values)
  File "/home/victorbonnet/.pyenv/versions/3.8.10/envs/taxifare/lib/python3.8/site-packages/starlette/concurrency.py", line 41, in run_in_threadpool
    return await anyio.to_thread.run_sync(func, *args)
  File "/home/victorbonnet/.pyenv/versions/3.8.10/envs/taxifare/lib/python3.8/site-packages/anyio/to_thread.py", line 33, in run_sync
    return await get_asynclib().run_sync_in_worker_thread(
  File "/home/victorbonnet/.pyenv/versions/3.8.10/envs/taxifare/lib/python3.8/site-packages/anyio/_backends/_asyncio.py", line 877, in run_sync_in_worker_thread
    return await future
  File "/home/victorbonnet/.pyenv/versions/3.8.10/envs/taxifare/lib/python3.8/site-packages/anyio/_backends/_asyncio.py", line 807, in run
    result = context.run(func, *args)
  File "/home/victorbonnet/workspace/personal-site/04_newyork_taxi_fare/api-dir/api/fast.py", line 35, in predict_fare
    y_pred = model.predict(X_pred)
  File "/home/victorbonnet/.pyenv/versions/3.8.10/envs/taxifare/lib/python3.8/site-packages/sklearn/model_selection/_search.py", line 499, in predict
    return self.best_estimator_.predict(X)
  File "/home/victorbonnet/.pyenv/versions/3.8.10/envs/taxifare/lib/python3.8/site-packages/sklearn/pipeline.py", line 480, in predict
    Xt = transform.transform(Xt)
  File "/home/victorbonnet/.pyenv/versions/3.8.10/envs/taxifare/lib/python3.8/site-packages/sklearn/pipeline.py", line 658, in transform
    Xt = transform.transform(Xt)
  File "/home/victorbonnet/.pyenv/versions/3.8.10/envs/taxifare/lib/python3.8/site-packages/sklearn/utils/_set_output.py", line 140, in wrapped
    data_to_wrap = f(self, X, *args, **kwargs)
  File "/home/victorbonnet/.pyenv/versions/3.8.10/envs/taxifare/lib/python3.8/site-packages/sklearn/compose/_column_transformer.py", line 800, in transform
    Xs = self._fit_transform(
  File "/home/victorbonnet/.pyenv/versions/3.8.10/envs/taxifare/lib/python3.8/site-packages/sklearn/compose/_column_transformer.py", line 658, in _fit_transform
    return Parallel(n_jobs=self.n_jobs)(
  File "/home/victorbonnet/.pyenv/versions/3.8.10/envs/taxifare/lib/python3.8/site-packages/sklearn/utils/parallel.py", line 63, in __call__
    return super().__call__(iterable_with_config)
  File "/home/victorbonnet/.pyenv/versions/3.8.10/envs/taxifare/lib/python3.8/site-packages/joblib/parallel.py", line 1088, in __call__
    while self.dispatch_one_batch(iterator):
  File "/home/victorbonnet/.pyenv/versions/3.8.10/envs/taxifare/lib/python3.8/site-packages/joblib/parallel.py", line 901, in dispatch_one_batch
    self._dispatch(tasks)
  File "/home/victorbonnet/.pyenv/versions/3.8.10/envs/taxifare/lib/python3.8/site-packages/joblib/parallel.py", line 819, in _dispatch
    job = self._backend.apply_async(batch, callback=cb)
  File "/home/victorbonnet/.pyenv/versions/3.8.10/envs/taxifare/lib/python3.8/site-packages/joblib/_parallel_backends.py", line 208, in apply_async
    result = ImmediateResult(func)
  File "/home/victorbonnet/.pyenv/versions/3.8.10/envs/taxifare/lib/python3.8/site-packages/joblib/_parallel_backends.py", line 597, in __init__
    self.results = batch()
  File "/home/victorbonnet/.pyenv/versions/3.8.10/envs/taxifare/lib/python3.8/site-packages/joblib/parallel.py", line 288, in __call__
    return [func(*args, **kwargs)
  File "/home/victorbonnet/.pyenv/versions/3.8.10/envs/taxifare/lib/python3.8/site-packages/joblib/parallel.py", line 288, in <listcomp>
    return [func(*args, **kwargs)
  File "/home/victorbonnet/.pyenv/versions/3.8.10/envs/taxifare/lib/python3.8/site-packages/sklearn/utils/parallel.py", line 123, in __call__
    return self.function(*args, **kwargs)
  File "/home/victorbonnet/.pyenv/versions/3.8.10/envs/taxifare/lib/python3.8/site-packages/sklearn/pipeline.py", line 876, in _transform_one
    res = transformer.transform(X)
  File "/home/victorbonnet/.pyenv/versions/3.8.10/envs/taxifare/lib/python3.8/site-packages/sklearn/pipeline.py", line 658, in transform
    Xt = transform.transform(Xt)
  File "/home/victorbonnet/.pyenv/versions/3.8.10/envs/taxifare/lib/python3.8/site-packages/sklearn/utils/_set_output.py", line 140, in wrapped
    data_to_wrap = f(self, X, *args, **kwargs)
  File "/home/victorbonnet/.pyenv/versions/3.8.10/envs/taxifare/lib/python3.8/site-packages/sklearn/preprocessing/_encoders.py", line 927, in transform
    if self._drop_idx_after_grouping is not None:
AttributeError: 'OneHotEncoder' object has no attribute '_drop_idx_after_grouping'
INFO:     127.0.0.1:59356 - "GET /predict_fare?key=2012-10-06%2012:10:20.0000001&pickup_latitude=-73.97875&pickup_longitude=40.748157&dropoff_latitude=-73.986557&dropoff_longitude=40.718393&passenger_count=1&pickup_datetime=2023-09-14%2014:43:00%20UTC HTTP/1.0" 500 Internal Server Error
/home/victorbonnet/.pyenv/versions/3.8.10/envs/taxifare/lib/python3.8/site-packages/sklearn/base.py:318: UserWarning: Trying to unpickle estimator OneHotEncoder from version 1.2.0 when using version 1.2.2. This might lead to breaking code or invalid results. Use at your own risk. For more info please refer to:
https://scikit-learn.org/stable/model_persistence.html#security-maintainability-limitations
  warnings.warn(
/home/victorbonnet/.pyenv/versions/3.8.10/envs/taxifare/lib/python3.8/site-packages/sklearn/base.py:318: UserWarning: Trying to unpickle estimator Pipeline from version 1.2.0 when using version 1.2.2. This might lead to breaking code or invalid results. Use at your own risk. For more info please refer to:
https://scikit-learn.org/stable/model_persistence.html#security-maintainability-limitations
  warnings.warn(
/home/victorbonnet/.pyenv/versions/3.8.10/envs/taxifare/lib/python3.8/site-packages/sklearn/base.py:318: UserWarning: Trying to unpickle estimator ColumnTransformer from version 1.2.0 when using version 1.2.2. This might lead to breaking code or invalid results. Use at your own risk. For more info please refer to:
https://scikit-learn.org/stable/model_persistence.html#security-maintainability-limitations
  warnings.warn(
/home/victorbonnet/.pyenv/versions/3.8.10/envs/taxifare/lib/python3.8/site-packages/sklearn/base.py:318: UserWarning: Trying to unpickle estimator MinMaxScaler from version 1.2.0 when using version 1.2.2. This might lead to breaking code or invalid results. Use at your own risk. For more info please refer to:
https://scikit-learn.org/stable/model_persistence.html#security-maintainability-limitations
  warnings.warn(
/home/victorbonnet/.pyenv/versions/3.8.10/envs/taxifare/lib/python3.8/site-packages/sklearn/base.py:318: UserWarning: Trying to unpickle estimator SVR from version 1.2.0 when using version 1.2.2. This might lead to breaking code or invalid results. Use at your own risk. For more info please refer to:
https://scikit-learn.org/stable/model_persistence.html#security-maintainability-limitations
  warnings.warn(
/home/victorbonnet/.pyenv/versions/3.8.10/envs/taxifare/lib/python3.8/site-packages/sklearn/base.py:318: UserWarning: Trying to unpickle estimator FunctionTransformer from version 1.2.0 when using version 1.2.2. This might lead to breaking code or invalid results. Use at your own risk. For more info please refer to:
https://scikit-learn.org/stable/model_persistence.html#security-maintainability-limitations
  warnings.warn(
/home/victorbonnet/.pyenv/versions/3.8.10/envs/taxifare/lib/python3.8/site-packages/sklearn/base.py:318: UserWarning: Trying to unpickle estimator RandomizedSearchCV from version 1.2.0 when using version 1.2.2. This might lead to breaking code or invalid results. Use at your own risk. For more info please refer to:
https://scikit-learn.org/stable/model_persistence.html#security-maintainability-limitations
  warnings.warn(
ERROR:    Exception in ASGI application
Traceback (most recent call last):
  File "/home/victorbonnet/.pyenv/versions/3.8.10/envs/taxifare/lib/python3.8/site-packages/uvicorn/protocols/http/h11_impl.py", line 428, in run_asgi
    result = await app(  # type: ignore[func-returns-value]
  File "/home/victorbonnet/.pyenv/versions/3.8.10/envs/taxifare/lib/python3.8/site-packages/uvicorn/middleware/proxy_headers.py", line 78, in __call__
    return await self.app(scope, receive, send)
  File "/home/victorbonnet/.pyenv/versions/3.8.10/envs/taxifare/lib/python3.8/site-packages/fastapi/applications.py", line 284, in __call__
    await super().__call__(scope, receive, send)
  File "/home/victorbonnet/.pyenv/versions/3.8.10/envs/taxifare/lib/python3.8/site-packages/starlette/applications.py", line 122, in __call__
    await self.middleware_stack(scope, receive, send)
  File "/home/victorbonnet/.pyenv/versions/3.8.10/envs/taxifare/lib/python3.8/site-packages/starlette/middleware/errors.py", line 184, in __call__
    raise exc
  File "/home/victorbonnet/.pyenv/versions/3.8.10/envs/taxifare/lib/python3.8/site-packages/starlette/middleware/errors.py", line 162, in __call__
    await self.app(scope, receive, _send)
  File "/home/victorbonnet/.pyenv/versions/3.8.10/envs/taxifare/lib/python3.8/site-packages/starlette/middleware/cors.py", line 83, in __call__
    await self.app(scope, receive, send)
  File "/home/victorbonnet/.pyenv/versions/3.8.10/envs/taxifare/lib/python3.8/site-packages/starlette/middleware/exceptions.py", line 79, in __call__
    raise exc
  File "/home/victorbonnet/.pyenv/versions/3.8.10/envs/taxifare/lib/python3.8/site-packages/starlette/middleware/exceptions.py", line 68, in __call__
    await self.app(scope, receive, sender)
  File "/home/victorbonnet/.pyenv/versions/3.8.10/envs/taxifare/lib/python3.8/site-packages/fastapi/middleware/asyncexitstack.py", line 20, in __call__
    raise e
  File "/home/victorbonnet/.pyenv/versions/3.8.10/envs/taxifare/lib/python3.8/site-packages/fastapi/middleware/asyncexitstack.py", line 17, in __call__
    await self.app(scope, receive, send)
  File "/home/victorbonnet/.pyenv/versions/3.8.10/envs/taxifare/lib/python3.8/site-packages/starlette/routing.py", line 718, in __call__
    await route.handle(scope, receive, send)
  File "/home/victorbonnet/.pyenv/versions/3.8.10/envs/taxifare/lib/python3.8/site-packages/starlette/routing.py", line 276, in handle
    await self.app(scope, receive, send)
  File "/home/victorbonnet/.pyenv/versions/3.8.10/envs/taxifare/lib/python3.8/site-packages/starlette/routing.py", line 66, in app
    response = await func(request)
  File "/home/victorbonnet/.pyenv/versions/3.8.10/envs/taxifare/lib/python3.8/site-packages/fastapi/routing.py", line 241, in app
    raw_response = await run_endpoint_function(
  File "/home/victorbonnet/.pyenv/versions/3.8.10/envs/taxifare/lib/python3.8/site-packages/fastapi/routing.py", line 169, in run_endpoint_function
    return await run_in_threadpool(dependant.call, **values)
  File "/home/victorbonnet/.pyenv/versions/3.8.10/envs/taxifare/lib/python3.8/site-packages/starlette/concurrency.py", line 41, in run_in_threadpool
    return await anyio.to_thread.run_sync(func, *args)
  File "/home/victorbonnet/.pyenv/versions/3.8.10/envs/taxifare/lib/python3.8/site-packages/anyio/to_thread.py", line 33, in run_sync
    return await get_asynclib().run_sync_in_worker_thread(
  File "/home/victorbonnet/.pyenv/versions/3.8.10/envs/taxifare/lib/python3.8/site-packages/anyio/_backends/_asyncio.py", line 877, in run_sync_in_worker_thread
    return await future
  File "/home/victorbonnet/.pyenv/versions/3.8.10/envs/taxifare/lib/python3.8/site-packages/anyio/_backends/_asyncio.py", line 807, in run
    result = context.run(func, *args)
  File "/home/victorbonnet/workspace/personal-site/04_newyork_taxi_fare/api-dir/api/fast.py", line 35, in predict_fare
    y_pred = model.predict(X_pred)
  File "/home/victorbonnet/.pyenv/versions/3.8.10/envs/taxifare/lib/python3.8/site-packages/sklearn/model_selection/_search.py", line 499, in predict
    return self.best_estimator_.predict(X)
  File "/home/victorbonnet/.pyenv/versions/3.8.10/envs/taxifare/lib/python3.8/site-packages/sklearn/pipeline.py", line 480, in predict
    Xt = transform.transform(Xt)
  File "/home/victorbonnet/.pyenv/versions/3.8.10/envs/taxifare/lib/python3.8/site-packages/sklearn/pipeline.py", line 658, in transform
    Xt = transform.transform(Xt)
  File "/home/victorbonnet/.pyenv/versions/3.8.10/envs/taxifare/lib/python3.8/site-packages/sklearn/utils/_set_output.py", line 140, in wrapped
    data_to_wrap = f(self, X, *args, **kwargs)
  File "/home/victorbonnet/.pyenv/versions/3.8.10/envs/taxifare/lib/python3.8/site-packages/sklearn/compose/_column_transformer.py", line 800, in transform
    Xs = self._fit_transform(
  File "/home/victorbonnet/.pyenv/versions/3.8.10/envs/taxifare/lib/python3.8/site-packages/sklearn/compose/_column_transformer.py", line 658, in _fit_transform
    return Parallel(n_jobs=self.n_jobs)(
  File "/home/victorbonnet/.pyenv/versions/3.8.10/envs/taxifare/lib/python3.8/site-packages/sklearn/utils/parallel.py", line 63, in __call__
    return super().__call__(iterable_with_config)
  File "/home/victorbonnet/.pyenv/versions/3.8.10/envs/taxifare/lib/python3.8/site-packages/joblib/parallel.py", line 1088, in __call__
    while self.dispatch_one_batch(iterator):
  File "/home/victorbonnet/.pyenv/versions/3.8.10/envs/taxifare/lib/python3.8/site-packages/joblib/parallel.py", line 901, in dispatch_one_batch
    self._dispatch(tasks)
  File "/home/victorbonnet/.pyenv/versions/3.8.10/envs/taxifare/lib/python3.8/site-packages/joblib/parallel.py", line 819, in _dispatch
    job = self._backend.apply_async(batch, callback=cb)
  File "/home/victorbonnet/.pyenv/versions/3.8.10/envs/taxifare/lib/python3.8/site-packages/joblib/_parallel_backends.py", line 208, in apply_async
    result = ImmediateResult(func)
  File "/home/victorbonnet/.pyenv/versions/3.8.10/envs/taxifare/lib/python3.8/site-packages/joblib/_parallel_backends.py", line 597, in __init__
    self.results = batch()
  File "/home/victorbonnet/.pyenv/versions/3.8.10/envs/taxifare/lib/python3.8/site-packages/joblib/parallel.py", line 288, in __call__
    return [func(*args, **kwargs)
  File "/home/victorbonnet/.pyenv/versions/3.8.10/envs/taxifare/lib/python3.8/site-packages/joblib/parallel.py", line 288, in <listcomp>
    return [func(*args, **kwargs)
  File "/home/victorbonnet/.pyenv/versions/3.8.10/envs/taxifare/lib/python3.8/site-packages/sklearn/utils/parallel.py", line 123, in __call__
    return self.function(*args, **kwargs)
  File "/home/victorbonnet/.pyenv/versions/3.8.10/envs/taxifare/lib/python3.8/site-packages/sklearn/pipeline.py", line 876, in _transform_one
    res = transformer.transform(X)
  File "/home/victorbonnet/.pyenv/versions/3.8.10/envs/taxifare/lib/python3.8/site-packages/sklearn/pipeline.py", line 658, in transform
    Xt = transform.transform(Xt)
  File "/home/victorbonnet/.pyenv/versions/3.8.10/envs/taxifare/lib/python3.8/site-packages/sklearn/utils/_set_output.py", line 140, in wrapped
    data_to_wrap = f(self, X, *args, **kwargs)
  File "/home/victorbonnet/.pyenv/versions/3.8.10/envs/taxifare/lib/python3.8/site-packages/sklearn/preprocessing/_encoders.py", line 927, in transform
    if self._drop_idx_after_grouping is not None:
AttributeError: 'OneHotEncoder' object has no attribute '_drop_idx_after_grouping'
